[debug] [2025-08-21T10:16:21.845Z] ----------------------------------------------------------------------
[debug] [2025-08-21T10:16:21.848Z] Command:       /Users/yoominhwang/.nvm/versions/node/v20.18.1/bin/node /usr/local/bin/firebase init
[debug] [2025-08-21T10:16:21.849Z] CLI Version:   13.13.2
[debug] [2025-08-21T10:16:21.849Z] Platform:      darwin
[debug] [2025-08-21T10:16:21.849Z] Node Version:  v20.18.1
[debug] [2025-08-21T10:16:21.849Z] Time:          Thu Aug 21 2025 19:16:21 GMT+0900 (대한민국 표준시)
[debug] [2025-08-21T10:16:21.849Z] ----------------------------------------------------------------------
[debug] 
[debug] [2025-08-21T10:16:21.924Z] > command requires scopes: ["email","openid","https://www.googleapis.com/auth/cloudplatformprojects.readonly","https://www.googleapis.com/auth/firebase","https://www.googleapis.com/auth/cloud-platform"]
[debug] [2025-08-21T10:16:21.925Z] > authorizing via signed-in user (yoominh3@gmail.com)
[info] 
     ######## #### ########  ######## ########     ###     ######  ########
     ##        ##  ##     ## ##       ##     ##  ##   ##  ##       ##
     ######    ##  ########  ######   ########  #########  ######  ######
     ##        ##  ##    ##  ##       ##     ## ##     ##       ## ##
     ##       #### ##     ## ######## ########  ##     ##  ######  ########

You're about to initialize a Firebase project in this directory:

  /Users/yoominhwang/Documents/programs/PARD/6th_pard/club-pard.github.io

Before we get started, keep in mind:

  * You are initializing within an existing Firebase project directory

[info] 
=== Project Setup
[info] 
[info] First, let's associate this project directory with a Firebase project.
[info] You can create multiple project aliases by running firebase use --add, 
[info] but for now we'll just set up a default project.
[info] 
[debug] [2025-08-21T10:16:52.356Z] Using project from CLI flag: pard-website-acfdd
[debug] [2025-08-21T10:16:52.358Z] >>> [apiv2][query] GET https://firebase.googleapis.com/v1beta1/projects/pard-website-acfdd [none]
[debug] [2025-08-21T10:16:52.884Z] <<< [apiv2][status] GET https://firebase.googleapis.com/v1beta1/projects/pard-website-acfdd 403
[debug] [2025-08-21T10:16:52.884Z] <<< [apiv2][body] GET https://firebase.googleapis.com/v1beta1/projects/pard-website-acfdd {"error":{"code":403,"message":"The caller does not have permission","status":"PERMISSION_DENIED"}}
[debug] [2025-08-21T10:16:52.885Z] HTTP Error: 403, The caller does not have permission
[debug] [2025-08-21T10:16:53.097Z] FirebaseError: HTTP Error: 403, The caller does not have permission
    at responseToError (/usr/local/lib/node_modules/firebase-tools/lib/responseToError.js:49:12)
    at RetryOperation._fn (/usr/local/lib/node_modules/firebase-tools/lib/apiv2.js:305:77)
    at process.processTicksAndRejections (node:internal/process/task_queues:95:5)
[error] 
[error] Error: Failed to get Firebase project pard-website-acfdd. Please make sure the project exists and your account has permission to access it.
